Build started 19/10/2015 20:17:06.
     1>Project "Z:\GENIE\GENIE\debug\CDKEngine.vcxproj" on node 2 (Build target(s)).
     1>ClCompile:
         C:\Program Files (x86)\Microsoft Visual Studio 12.0\VC\bin\CL.exe /c /I..\include /ZI /nologo /W3 /WX- /MP /Od /Oy- /D _GLFW_WIN32 /D _GLFW_WGL /D _GLFW_USE_OPENGL /D GLEW_STATIC /Gm- /EHsc /RTC1 /MDd /GS /Gy /fp:precise /Zc:wchar_t /Zc:forScope /Fo"obj\Debug\CDKEngine\src\geometry.obj" /Fd"bin\CDKEngine.pdb" /Gd /TP /analyze- /errorReport:prompt   ..\src\geometry.cc
         geometry.cc
     1>z:\genie\genie\include\display_list.h(31): warning C4018: '<' : signed/unsigned mismatch
       Link:
         C:\Program Files (x86)\Microsoft Visual Studio 12.0\VC\bin\link.exe /ERRORREPORT:PROMPT /OUT:"bin\CDKEngine.exe" /INCREMENTAL /NOLOGO opengl32.lib kernel32.lib user32.lib gdi32.lib winspool.lib comdlg32.lib advapi32.lib shell32.lib ole32.lib oleaut32.lib uuid.lib odbc32.lib odbccp32.lib /MANIFEST /MANIFESTUAC:"level='asInvoker' uiAccess='false'" /manifest:embed /DEBUG /PDB:"bin\CDKEngine.pdb" /SUBSYSTEM:CONSOLE /TLBID:1 /ENTRY:"mainCRTStartup" /DYNAMICBASE /NXCOMPAT /IMPLIB:"bin\CDKEngine.lib" /MACHINE:X86 obj\Debug\CDKEngine\src\base.obj
         obj\Debug\CDKEngine\src\buffer.obj
         obj\Debug\CDKEngine\src\camera.obj
         obj\Debug\CDKEngine\src\geometry.obj
         obj\Debug\CDKEngine\src\main.obj
         obj\Debug\CDKEngine\src\material.obj
         obj\Debug\CDKEngine\src\opengl_interfaz.obj
         obj\Debug\CDKEngine\src\tiny_obj_loader.obj
         obj\Debug\CDKEngine\src\window2.obj
         obj\Debug\CDKEngine\src\context.obj
         obj\Debug\CDKEngine\src\glew.obj
         obj\Debug\CDKEngine\src\init.obj
         obj\Debug\CDKEngine\src\input.obj
         obj\Debug\CDKEngine\src\monitor.obj
         obj\Debug\CDKEngine\src\wgl_context.obj
         obj\Debug\CDKEngine\src\win32_init.obj
         obj\Debug\CDKEngine\src\win32_monitor.obj
         obj\Debug\CDKEngine\src\win32_time.obj
         obj\Debug\CDKEngine\src\win32_tls.obj
         obj\Debug\CDKEngine\src\win32_window.obj
         obj\Debug\CDKEngine\src\window.obj
         obj\Debug\CDKEngine\src\winmm_joystick.obj
         CDKEngine.vcxproj -> Z:\GENIE\GENIE\debug\bin\CDKEngine.exe
     1>Done Building Project "Z:\GENIE\GENIE\debug\CDKEngine.vcxproj" (Build target(s)).

Build succeeded.

Time Elapsed 00:00:03.72
